<?xml version="1.0" encoding="UTF-8"?>
<!-- Generated by org.testng.reporters.JUnitReportReporter -->
<testsuite hostname="DESKTOP-JLHE1JF" failures="0" tests="2" name="testng.P5" time="22.518" errors="0" timestamp="2022-08-26T10:15:18 IST" skipped="0">
  <testcase classname="testng.P5" name="testGoogle" time="14.570"/>
  <system-out/>
  <testcase classname="testng.P5" name="testFB" time="7.948"/>
  <system-out/>
</testsuite> <!-- testng.P5 -->
