<?xml version="1.0" encoding="UTF-8"?>
<!-- Generated by org.testng.reporters.JUnitReportReporter -->
<testsuite hostname="DESKTOP-JLHE1JF" failures="0" tests="1" name="testng.P6" time="10.331" errors="0" timestamp="2022-08-12T09:48:30 IST" skipped="0">
  <testcase classname="testng.P6" name="test" time="10.331"/>
  <system-out/>
</testsuite> <!-- testng.P6 -->
