<?xml version="1.0" encoding="UTF-8"?>
<!-- Generated by org.testng.reporters.JUnitReportReporter -->
<testsuite hostname="DESKTOP-JLHE1JF" failures="0" tests="14" name="testng.P3" time="0.057" errors="0" timestamp="2022-08-12T09:48:30 IST" skipped="0">
  <testcase classname="testng.P3" name="gadav" time="0.008"/>
  <system-out/>
  <testcase classname="testng.P3" name="gadav" time="0.002"/>
  <system-out/>
  <testcase classname="testng.P3" name="gadav" time="0.003"/>
  <system-out/>
  <testcase classname="testng.P3" name="gadav" time="0.003"/>
  <system-out/>
  <testcase classname="testng.P3" name="gadav" time="0.004"/>
  <system-out/>
  <testcase classname="testng.P3" name="manjar" time="0.018"/>
  <system-out/>
  <testcase classname="testng.P3" name="manjar" time="0.002"/>
  <system-out/>
  <testcase classname="testng.P3" name="manjar" time="0.002"/>
  <system-out/>
  <testcase classname="testng.P3" name="kutra" time="0.002"/>
  <system-out/>
  <testcase classname="testng.P3" name="kutra" time="0.004"/>
  <system-out/>
  <testcase classname="testng.P3" name="kutra" time="0.002"/>
  <system-out/>
  <testcase classname="testng.P3" name="kutra" time="0.003"/>
  <system-out/>
  <testcase classname="testng.P3" name="kutra" time="0.003"/>
  <system-out/>
  <testcase classname="testng.P3" name="kutra" time="0.001"/>
  <system-out/>
</testsuite> <!-- testng.P3 -->
