<?xml version="1.0" encoding="UTF-8"?>
<!-- Generated by org.testng.reporters.JUnitReportReporter -->
<testsuite hostname="DESKTOP-JLHE1JF" failures="0" tests="3" name="testng.P2" time="0.011" errors="0" timestamp="2022-08-12T09:48:30 IST" skipped="0">
  <testcase classname="testng.P2" name="carrot" time="0.006"/>
  <system-out>
    <![CDATA[carrot]]>
  </system-out>
  <testcase classname="testng.P2" name="spinach" time="0.002"/>
  <system-out>
    <![CDATA[spinach]]>
  </system-out>
  <testcase classname="testng.P2" name="brinjal" time="0.003"/>
  <system-out>
    <![CDATA[brinjal]]>
  </system-out>
</testsuite> <!-- testng.P2 -->
