<?xml version="1.0" encoding="UTF-8"?>
<!-- Generated by org.testng.reporters.JUnitReportReporter -->
<testsuite hostname="DESKTOP-JLHE1JF" failures="0" tests="2" name="testng.P4" time="0.008" errors="0" timestamp="2022-08-12T09:48:30 IST" skipped="0">
  <testcase classname="testng.P4" name="t1" time="0.005"/>
  <system-out/>
  <testcase classname="testng.P4" name="t2" time="0.003"/>
  <system-out/>
</testsuite> <!-- testng.P4 -->
